<?xml version="1.0" encoding="UTF-8"?>
<!-- Generated by org.testng.reporters.JUnitReportReporter -->
<testsuite skipped="0" hostname="INWS0AdityaM-01" name="com.crm.qa.testcases.LoginPageTest" tests="3" failures="0" timestamp="05 Oct 2021 06:32:51 GMT" time="31.196" errors="0">
  <testcase name="loginPageTitleTest" time="7.029" classname="com.crm.qa.testcases.LoginPageTest"/>
  <testcase name="crmLogoImgTest" time="7.354" classname="com.crm.qa.testcases.LoginPageTest"/>
  <testcase name="loginTest" time="16.813" classname="com.crm.qa.testcases.LoginPageTest"/>
</testsuite> <!-- com.crm.qa.testcases.LoginPageTest -->
