<?xml version="1.0" encoding="UTF-8"?>
<!-- Generated by org.testng.reporters.JUnitReportReporter -->
<testsuite skipped="0" hostname="INWS0AdityaM-01" name="com.crm.qa.testcases.LoginPageTest" tests="3" failures="0" timestamp="19 Oct 2021 07:25:05 GMT" time="32.392" errors="0">
  <testcase name="loginPageTitleTest" time="7.794" classname="com.crm.qa.testcases.LoginPageTest"/>
  <testcase name="crmLogoImgTest" time="7.325" classname="com.crm.qa.testcases.LoginPageTest"/>
  <testcase name="loginTest" time="17.273" classname="com.crm.qa.testcases.LoginPageTest"/>
</testsuite> <!-- com.crm.qa.testcases.LoginPageTest -->
