<?xml version="1.0" encoding="UTF-8"?>
<!-- Generated by org.testng.reporters.JUnitReportReporter -->
<testsuite skipped="0" hostname="INWS0AdityaM-01" name="com.crm.qa.testcases.LoginPageTest" tests="3" failures="0" timestamp="10 Aug 2021 16:02:05 GMT" time="96.284" errors="0">
  <testcase name="loginPageTitleTest" time="19.375" classname="com.crm.qa.testcases.LoginPageTest"/>
  <testcase name="crmLogoImgTest" time="14.866" classname="com.crm.qa.testcases.LoginPageTest"/>
  <testcase name="loginTest" time="62.043" classname="com.crm.qa.testcases.LoginPageTest"/>
</testsuite> <!-- com.crm.qa.testcases.LoginPageTest -->
