<?xml version="1.0" encoding="UTF-8"?>
<!-- Generated by org.testng.reporters.JUnitReportReporter -->
<testsuite skipped="0" hostname="INWS0AdityaM-01" name="com.crm.qa.testcases.HomePageTest" tests="3" failures="0" timestamp="19 Oct 2021 07:25:05 GMT" time="47.031" errors="0">
  <testcase name="homepageTitleTest" time="15.275" classname="com.crm.qa.testcases.HomePageTest"/>
  <testcase name="verifyLoginNameOfUserTest" time="14.591" classname="com.crm.qa.testcases.HomePageTest"/>
  <testcase name="verifyContactslinksTest" time="17.165" classname="com.crm.qa.testcases.HomePageTest"/>
</testsuite> <!-- com.crm.qa.testcases.HomePageTest -->
