<?xml version="1.0" encoding="UTF-8"?>
<!-- Generated by org.testng.reporters.JUnitReportReporter -->
<testsuite skipped="0" hostname="INWS0AdityaM-01" name="com.crm.qa.testcases.HomePageTest" tests="3" failures="0" timestamp="10 Aug 2021 16:02:05 GMT" time="117.756" errors="0">
  <testcase name="homepageTitleTest" time="32.137" classname="com.crm.qa.testcases.HomePageTest"/>
  <testcase name="verifyLoginNameOfUserTest" time="46.030" classname="com.crm.qa.testcases.HomePageTest"/>
  <testcase name="verifyContactslinksTest" time="39.589" classname="com.crm.qa.testcases.HomePageTest"/>
</testsuite> <!-- com.crm.qa.testcases.HomePageTest -->
