<?xml version="1.0" encoding="UTF-8"?>
<!-- Generated by org.testng.reporters.JUnitReportReporter -->
<testsuite skipped="0" hostname="INWS0AdityaM-01" name="com.crm.qa.testcases.HomePageTest" tests="3" failures="0" timestamp="05 Oct 2021 06:32:51 GMT" time="48.724" errors="0">
  <testcase name="homepageTitleTest" time="15.454" classname="com.crm.qa.testcases.HomePageTest"/>
  <testcase name="verifyLoginNameOfUserTest" time="15.868" classname="com.crm.qa.testcases.HomePageTest"/>
  <testcase name="verifyContactslinksTest" time="17.402" classname="com.crm.qa.testcases.HomePageTest"/>
</testsuite> <!-- com.crm.qa.testcases.HomePageTest -->
